# Logfile created on Sat Oct 24 17:32:35 -0400 2009  [4;36;1mSQL (0.2ms)[0m   [0;1mSET NAMES 'utf8'[0m
  [4;35;1mSQL (0.1ms)[0m   [0mSET SQL_AUTO_IS_NULL=0[0m
DEPRECATION WARNING: protect_from_forgery only takes :only and :except options now. :digest and :secret have no effect. (called from /Users/oshvets/work/projects/grooming_salon/app/controllers/application_controller.rb:13)
DEPRECATION WARNING: Disabling sessions for a single controller has been deprecated. Sessions are now lazy loaded. So if you don't access them, consider them off. You can still modify the session cookie options with request.session_options.. (called from /Users/oshvets/work/projects/grooming_salon/app/controllers/application_controller.rb:16)


Processing HomeController#index (for 127.0.0.1 at 2009-10-24 17:32:52) [GET]
  Parameters: {"action"=>"index", "controller"=>"home"}
  [4;36;1mSQL (1.1ms)[0m   [0;1mSHOW TABLES[0m
  [4;35;1mUser Columns (1.7ms)[0m   [0mSHOW FIELDS FROM `users`[0m
  [4;36;1mSQL (0.8ms)[0m   [0;1mSHOW TABLES[0m
  [4;35;1mUser Columns (1.6ms)[0m   [0mSHOW FIELDS FROM `users`[0m

NoMethodError (undefined method `encrypt' for #<Class:0x244fac8>):
  app/models/user.rb:19
  app/controllers/home_controller.rb:7:in `index'
  /Users/oshvets/.rvm/ruby-1.8.7-p174/lib/ruby/1.8/webrick/httpserver.rb:104:in `service'
  /Users/oshvets/.rvm/ruby-1.8.7-p174/lib/ruby/1.8/webrick/httpserver.rb:65:in `run'
  /Users/oshvets/.rvm/ruby-1.8.7-p174/lib/ruby/1.8/webrick/server.rb:173:in `start_thread'
  /Users/oshvets/.rvm/ruby-1.8.7-p174/lib/ruby/1.8/webrick/server.rb:162:in `start'
  /Users/oshvets/.rvm/ruby-1.8.7-p174/lib/ruby/1.8/webrick/server.rb:162:in `start_thread'
  /Users/oshvets/.rvm/ruby-1.8.7-p174/lib/ruby/1.8/webrick/server.rb:95:in `start'
  /Users/oshvets/.rvm/ruby-1.8.7-p174/lib/ruby/1.8/webrick/server.rb:92:in `each'
  /Users/oshvets/.rvm/ruby-1.8.7-p174/lib/ruby/1.8/webrick/server.rb:92:in `start'
  /Users/oshvets/.rvm/ruby-1.8.7-p174/lib/ruby/1.8/webrick/server.rb:23:in `start'
  /Users/oshvets/.rvm/ruby-1.8.7-p174/lib/ruby/1.8/webrick/server.rb:82:in `start'

Rendered rescues/_trace (49.0ms)
Rendered rescues/_request_and_response (1.9ms)
Rendering rescues/layout (internal_server_error)
  [4;36;1mSQL (0.2ms)[0m   [0;1mSET NAMES 'utf8'[0m
  [4;35;1mSQL (0.1ms)[0m   [0mSET SQL_AUTO_IS_NULL=0[0m
DEPRECATION WARNING: protect_from_forgery only takes :only and :except options now. :digest and :secret have no effect. (called from /Users/oshvets/work/projects/grooming_salon/app/controllers/application_controller.rb:13)
DEPRECATION WARNING: Disabling sessions for a single controller has been deprecated. Sessions are now lazy loaded. So if you don't access them, consider them off. You can still modify the session cookie options with request.session_options.. (called from /Users/oshvets/work/projects/grooming_salon/app/controllers/application_controller.rb:16)


Processing HomeController#index (for 127.0.0.1 at 2009-10-24 17:34:07) [GET]
  Parameters: {"action"=>"index", "controller"=>"home"}
  [4;36;1mUser Columns (1.5ms)[0m   [0;1mSHOW FIELDS FROM `users`[0m
  [4;35;1mUser Load (0.3ms)[0m   [0mSELECT * FROM `users` WHERE (`users`.`id` = 1) [0m
  [4;36;1mAppointment Load (0.3ms)[0m   [0;1mSELECT * FROM `appointments` WHERE (`appointments`.`appointment_date` = '2009-10-24') [0m
Rendering template within layouts/grooming-salon-layout
Rendering home/index
  [4;35;1mCACHE (0.0ms)[0m   [0mSELECT * FROM `users` WHERE (`users`.`id` = 1) [0m
  [4;36;1mCACHE (0.0ms)[0m   [0;1mSELECT * FROM `users` WHERE (`users`.`id` = 1) [0m
Completed in 81ms (View: 32, DB: 14) | 200 OK [http://localhost/home]
  [4;35;1mSQL (0.1ms)[0m   [0mSET NAMES 'utf8'[0m
  [4;36;1mSQL (0.1ms)[0m   [0;1mSET SQL_AUTO_IS_NULL=0[0m
DEPRECATION WARNING: protect_from_forgery only takes :only and :except options now. :digest and :secret have no effect. (called from /Users/oshvets/work/projects/grooming_salon/app/controllers/application_controller.rb:13)
DEPRECATION WARNING: Disabling sessions for a single controller has been deprecated. Sessions are now lazy loaded. So if you don't access them, consider them off. You can still modify the session cookie options with request.session_options.. (called from /Users/oshvets/work/projects/grooming_salon/app/controllers/application_controller.rb:16)


Processing CompaniesController#index (for 127.0.0.1 at 2009-10-24 17:34:12) [GET]
  Parameters: {"action"=>"index", "controller"=>"companies"}
  [4;35;1mCompany Load (0.3ms)[0m   [0mSELECT * FROM `companies` [0m
Rendering template within layouts/grooming-salon-layout
Rendering companies/index
  [4;36;1mCompany Columns (11.1ms)[0m   [0;1mSHOW FIELDS FROM `companies`[0m
Google geocoding. Address: 737 State Route 18 East Brunswick, NJ 08816-4904 . Result: <?xml version="1.0" encoding="UTF-8" ?>
<kml xmlns="http://earth.google.com/kml/2.0"><Response>
  <name>737 State Route 18 East Brunswick, NJ 08816-4904 </name>
  <Status>
    <code>610</code>
    <request>geocode</request>
  </Status>
</Response></kml>
Google was unable to geocode address: 737 State Route 18 East Brunswick, NJ 08816-4904 
Google geocoding. Address: 1905 Highway 33 # 8, Trenton, NJ. Result: <?xml version="1.0" encoding="UTF-8" ?>
<kml xmlns="http://earth.google.com/kml/2.0"><Response>
  <name>1905 Highway 33 # 8, Trenton, NJ</name>
  <Status>
    <code>610</code>
    <request>geocode</request>
  </Status>
</Response></kml>
Google was unable to geocode address: 1905 Highway 33 # 8, Trenton, NJ
Rendered shared/_geokit_init (432.4ms)
  [4;35;1mUser Columns (10.9ms)[0m   [0mSHOW FIELDS FROM `users`[0m
  [4;36;1mUser Load (0.7ms)[0m   [0;1mSELECT * FROM `users` WHERE (`users`.`id` = 1) [0m
Completed in 548ms (View: 516, DB: 24) | 200 OK [http://localhost/companies]
